<?xml version="1.0" encoding="UTF-8"?>
<!-- Generated by org.testng.reporters.JUnitReportReporter -->
<testsuite hostname="IBM-PF3DZ8GN" failures="0" tests="1" name="Runner.SecondClass" time="0.000" errors="0" timestamp="2022-11-18T18:42:41 IST" skipped="0">
  <testcase classname="Runner.SecondClass" name="sample1" time="0.000"/>
  <system-out/>
</testsuite> <!-- Runner.SecondClass -->
