<?xml version="1.0" encoding="UTF-8"?>
<!-- Generated by org.testng.reporters.JUnitReportReporter -->
<testsuite hostname="IBM-PF3DZ8GN" failures="0" tests="1" name="ProjectRunner.TestngRunner" time="1.645" errors="0" timestamp="2022-11-18T15:57:45 IST" skipped="0">
  <testcase classname="ProjectRunner.TestngRunner" name="Runner" time="1.645"/>
  <system-out/>
</testsuite> <!-- ProjectRunner.TestngRunner -->
