<?xml version="1.0" encoding="UTF-8"?>
<!-- Generated by org.testng.reporters.JUnitReportReporter -->
<testsuite hostname="IBM-PF3DZ8GN" failures="0" tests="1" name="Runner.SampleClass" time="0.007" errors="0" timestamp="2022-11-05T15:40:50 IST" skipped="0">
  <testcase classname="Runner.SampleClass" name="sample" time="0.007"/>
  <system-out/>
</testsuite> <!-- Runner.SampleClass -->
